<?xml version="1.0" encoding="UTF-8"?>
<!-- Generated by org.testng.reporters.JUnitReportReporter -->
<testsuite hostname="RFDAtulHiralkar" failures="0" tests="1" name="test_Scripts.SampleTest" time="0.016" errors="0" timestamp="2022-03-31T23:00:29 IST" skipped="0">
  <testcase classname="test_Scripts.SampleTest" name="sample" time="0.016"/>
  <system-out/>
</testsuite> <!-- test_Scripts.SampleTest -->
