<?xml version="1.0" encoding="UTF-8"?>
<!-- Generated by org.testng.reporters.JUnitReportReporter -->
<testsuite hostname="RFDAtulHiralkar" failures="0" tests="1" name="test_Scripts.TestScript1" time="1.321" errors="0" timestamp="2022-02-26T12:07:26 IST" skipped="0">
  <testcase classname="test_Scripts.TestScript1" name="testScript1" time="1.321"/>
  <system-out/>
</testsuite> <!-- test_Scripts.TestScript1 -->
